<?xml version="1.0" encoding="UTF-8"?>
<!-- Generated by org.testng.reporters.JUnitXMLReporter -->
<testsuite ignored="9" hostname="Pavan-Lenova" failures="0" tests="1" name="API Tests(failed)" time="2.109" errors="0" timestamp="2025-02-13T21:19:20 IST">
  <testcase classname="testcases.ProductTests" name="testGetAllProducts" time="1.589"/>
  <testcase classname="testcases.ProductTests" name="testDeleteProduct" time="0.0">
    <ignored/>
  </testcase> <!-- testDeleteProduct -->
  <testcase classname="testcases.ProductTests" name="testAddNewProduct" time="0.0">
    <ignored/>
  </testcase> <!-- testAddNewProduct -->
  <testcase classname="testcases.ProductTests" name="testUpdateProduct" time="0.0">
    <ignored/>
  </testcase> <!-- testUpdateProduct -->
  <testcase classname="testcases.ProductTests" name="testGetAllCategories" time="0.0">
    <ignored/>
  </testcase> <!-- testGetAllCategories -->
  <testcase classname="testcases.ProductTests" name="testGetSingleProductById" time="0.0">
    <ignored/>
  </testcase> <!-- testGetSingleProductById -->
  <testcase classname="testcases.ProductTests" name="testGetProductsByCategory" time="0.0">
    <ignored/>
  </testcase> <!-- testGetProductsByCategory -->
  <testcase classname="testcases.ProductTests" name="testGetSortedProducts" time="0.0">
    <ignored/>
  </testcase> <!-- testGetSortedProducts -->
  <testcase classname="testcases.ProductTests" name="testGetLimitedProducts" time="0.0">
    <ignored/>
  </testcase> <!-- testGetLimitedProducts -->
  <testcase classname="testcases.ProductTests" name="testGetSortedProductsAsc" time="0.0">
    <ignored/>
  </testcase> <!-- testGetSortedProductsAsc -->
</testsuite> <!-- API Tests(failed) -->
