<?xml version="1.0" encoding="UTF-8"?>
<!-- Generated by org.testng.reporters.JUnitXMLReporter -->
<testsuite ignored="0" hostname="Pavan-Lenova" failures="0" tests="3" name="Default test" time="2.767" errors="0" timestamp="2025-02-19T21:00:25 IST">
  <testcase classname="testcases.SchemaTests" name="testCartSchema" time="1.609"/>
  <testcase classname="testcases.SchemaTests" name="testProductSchema" time="0.312"/>
  <testcase classname="testcases.SchemaTests" name="testUserSchema" time="0.396"/>
</testsuite> <!-- Default test -->
