<?xml version="1.0" encoding="UTF-8"?>
<!-- Generated by org.testng.reporters.JUnitXMLReporter -->
<testsuite ignored="0" hostname="Pavan-Lenova" failures="0" tests="10" name="Product Tests" time="5.891" errors="0" timestamp="2025-02-19T21:01:10 IST">
  <testcase classname="testcases.ProductTests" name="testAddNewProduct" time="2.425"/>
  <testcase classname="testcases.ProductTests" name="testDeleteProduct" time="0.364"/>
  <testcase classname="testcases.ProductTests" name="testGetAllCategories" time="0.258"/>
  <testcase classname="testcases.ProductTests" name="testGetAllProducts" time="0.241"/>
  <testcase classname="testcases.ProductTests" name="testGetLimitedProducts" time="0.251"/>
  <testcase classname="testcases.ProductTests" name="testGetProductsByCategory" time="0.344"/>
  <testcase classname="testcases.ProductTests" name="testGetSingleProductById" time="0.21"/>
  <testcase classname="testcases.ProductTests" name="testGetSortedProducts" time="0.617"/>
  <testcase classname="testcases.ProductTests" name="testGetSortedProductsAsc" time="0.252"/>
  <testcase classname="testcases.ProductTests" name="testUpdateProduct" time="0.225"/>
</testsuite> <!-- Product Tests -->
