<?xml version="1.0" encoding="UTF-8"?>
<!-- Generated by org.testng.reporters.JUnitXMLReporter -->
<testsuite ignored="0" hostname="Pavan-Lenova" failures="0" tests="3" name="Schema Tests" time="1.179" errors="0" timestamp="2025-02-19T21:01:12 IST">
  <testcase classname="testcases.SchemaTests" name="testCartSchema" time="0.516"/>
  <testcase classname="testcases.SchemaTests" name="testProductSchema" time="0.348"/>
  <testcase classname="testcases.SchemaTests" name="testUserSchema" time="0.303"/>
</testsuite> <!-- Schema Tests -->
