<?xml version="1.0" encoding="UTF-8"?>
<!-- Generated by org.testng.reporters.JUnitXMLReporter -->
<testsuite ignored="0" hostname="Pavan-Lenova" failures="0" tests="8" name="User Tests" time="5.612" errors="0" timestamp="2025-02-19T21:01:10 IST">
  <testcase classname="testcases.UserTests" name="testCreateUser" time="2.425"/>
  <testcase classname="testcases.UserTests" name="testDeleteUser" time="0.36"/>
  <testcase classname="testcases.UserTests" name="testGetAllUsers" time="0.369"/>
  <testcase classname="testcases.UserTests" name="testGetUserById" time="0.315"/>
  <testcase classname="testcases.UserTests" name="testGetUsersSorted" time="0.344"/>
  <testcase classname="testcases.UserTests" name="testGetUsersSortedAsc" time="0.316"/>
  <testcase classname="testcases.UserTests" name="testGetUsersWithLimit" time="0.495"/>
  <testcase classname="testcases.UserTests" name="testUpdateUser" time="0.282"/>
</testsuite> <!-- User Tests -->
