<?xml version="1.0" encoding="UTF-8"?>
<!-- Generated by org.testng.reporters.JUnitXMLReporter -->
<testsuite ignored="0" hostname="Pavan-Lenova" failures="0" tests="10" name="Cart Tests" time="3.514" errors="0" timestamp="2025-02-19T21:11:21 IST">
  <testcase classname="testcases.CartTests" name="testCreateCart" time="0.238"/>
  <testcase classname="testcases.CartTests" name="testDeleteCart" time="0.301"/>
  <testcase classname="testcases.CartTests" name="testGetAllCarts" time="0.333"/>
  <testcase classname="testcases.CartTests" name="testGetCartById" time="0.375"/>
  <testcase classname="testcases.CartTests" name="testGetCartsByDateRange" time="0.411"/>
  <testcase classname="testcases.CartTests" name="testGetCartsSorted" time="0.401"/>
  <testcase classname="testcases.CartTests" name="testGetCartsSortedAsc" time="0.38"/>
  <testcase classname="testcases.CartTests" name="testGetCartsWithLimit" time="0.352"/>
  <testcase classname="testcases.CartTests" name="testGetUserCart" time="0.354"/>
  <testcase classname="testcases.CartTests" name="testUpdateCart" time="0.329"/>
</testsuite> <!-- Cart Tests -->
