<?xml version="1.0" encoding="UTF-8"?>
<!-- Generated by org.testng.reporters.JUnitXMLReporter -->
<testsuite ignored="0" hostname="Pavan-Lenova" failures="0" tests="3" name="Schema Tests" time="1.632" errors="0" timestamp="2025-02-19T21:11:21 IST">
  <testcase classname="testcases.SchemaTests" name="testCartSchema" time="0.996"/>
  <testcase classname="testcases.SchemaTests" name="testProductSchema" time="0.26"/>
  <testcase classname="testcases.SchemaTests" name="testUserSchema" time="0.355"/>
</testsuite> <!-- Schema Tests -->
