<?xml version="1.0" encoding="UTF-8"?>
<testng-results ignored="0" total="33" passed="33" failed="0" skipped="0">
  <reporter-output>
  </reporter-output>
  <suite started-at="2025-02-19T21:11:12 IST" name="API TestSuite" finished-at="2025-02-19T21:11:21 IST" duration-ms="9324">
    <groups>
    </groups>
    <test started-at="2025-02-19T21:11:12 IST" name="User Tests" finished-at="2025-02-19T21:11:18 IST" duration-ms="5570">
      <class name="testcases.UserTests">
        <test-method is-config="true" signature="setup()[pri:0, instance:testcases.UserTests@333d4a8c]" started-at="2025-02-19T21:11:12 IST" name="setup" finished-at="2025-02-19T21:11:12 IST" duration-ms="246" status="PASS">
          <reporter-output>
          </reporter-output>
        </test-method> <!-- setup -->
        <test-method signature="testCreateUser()[pri:0, instance:testcases.UserTests@333d4a8c]" started-at="2025-02-19T21:11:12 IST" name="testCreateUser" finished-at="2025-02-19T21:11:15 IST" duration-ms="2453" status="PASS">
          <reporter-output>
          </reporter-output>
        </test-method> <!-- testCreateUser -->
        <test-method signature="testDeleteUser()[pri:0, instance:testcases.UserTests@333d4a8c]" started-at="2025-02-19T21:11:15 IST" name="testDeleteUser" finished-at="2025-02-19T21:11:15 IST" duration-ms="338" status="PASS">
          <reporter-output>
          </reporter-output>
        </test-method> <!-- testDeleteUser -->
        <test-method signature="testGetAllUsers()[pri:0, instance:testcases.UserTests@333d4a8c]" started-at="2025-02-19T21:11:15 IST" name="testGetAllUsers" finished-at="2025-02-19T21:11:16 IST" duration-ms="489" status="PASS">
          <reporter-output>
          </reporter-output>
        </test-method> <!-- testGetAllUsers -->
        <test-method signature="testGetUserById()[pri:0, instance:testcases.UserTests@333d4a8c]" started-at="2025-02-19T21:11:16 IST" name="testGetUserById" finished-at="2025-02-19T21:11:16 IST" duration-ms="314" status="PASS">
          <reporter-output>
          </reporter-output>
        </test-method> <!-- testGetUserById -->
        <test-method signature="testGetUsersSorted()[pri:0, instance:testcases.UserTests@333d4a8c]" started-at="2025-02-19T21:11:16 IST" name="testGetUsersSorted" finished-at="2025-02-19T21:11:16 IST" duration-ms="380" status="PASS">
          <reporter-output>
          </reporter-output>
        </test-method> <!-- testGetUsersSorted -->
        <test-method signature="testGetUsersSortedAsc()[pri:0, instance:testcases.UserTests@333d4a8c]" started-at="2025-02-19T21:11:16 IST" name="testGetUsersSortedAsc" finished-at="2025-02-19T21:11:17 IST" duration-ms="523" status="PASS">
          <reporter-output>
          </reporter-output>
        </test-method> <!-- testGetUsersSortedAsc -->
        <test-method signature="testGetUsersWithLimit()[pri:0, instance:testcases.UserTests@333d4a8c]" started-at="2025-02-19T21:11:17 IST" name="testGetUsersWithLimit" finished-at="2025-02-19T21:11:17 IST" duration-ms="321" status="PASS">
          <reporter-output>
          </reporter-output>
        </test-method> <!-- testGetUsersWithLimit -->
        <test-method signature="testUpdateUser()[pri:0, instance:testcases.UserTests@333d4a8c]" started-at="2025-02-19T21:11:17 IST" name="testUpdateUser" finished-at="2025-02-19T21:11:18 IST" duration-ms="226" status="PASS">
          <reporter-output>
          </reporter-output>
        </test-method> <!-- testUpdateUser -->
      </class> <!-- testcases.UserTests -->
    </test> <!-- User Tests -->
    <test started-at="2025-02-19T21:11:12 IST" name="Product Tests" finished-at="2025-02-19T21:11:18 IST" duration-ms="6070">
      <class name="testcases.ProductTests">
        <test-method is-config="true" signature="setup()[pri:0, instance:testcases.ProductTests@723ca036]" started-at="2025-02-19T21:11:12 IST" name="setup" finished-at="2025-02-19T21:11:12 IST" duration-ms="246" status="PASS">
          <reporter-output>
          </reporter-output>
        </test-method> <!-- setup -->
        <test-method signature="testAddNewProduct()[pri:0, instance:testcases.ProductTests@723ca036]" started-at="2025-02-19T21:11:12 IST" name="testAddNewProduct" finished-at="2025-02-19T21:11:15 IST" duration-ms="2453" status="PASS">
          <reporter-output>
          </reporter-output>
        </test-method> <!-- testAddNewProduct -->
        <test-method signature="testDeleteProduct()[pri:0, instance:testcases.ProductTests@723ca036]" started-at="2025-02-19T21:11:15 IST" name="testDeleteProduct" finished-at="2025-02-19T21:11:15 IST" duration-ms="338" status="PASS">
          <reporter-output>
          </reporter-output>
        </test-method> <!-- testDeleteProduct -->
        <test-method signature="testGetAllCategories()[pri:0, instance:testcases.ProductTests@723ca036]" started-at="2025-02-19T21:11:15 IST" name="testGetAllCategories" finished-at="2025-02-19T21:11:16 IST" duration-ms="261" status="PASS">
          <reporter-output>
          </reporter-output>
        </test-method> <!-- testGetAllCategories -->
        <test-method signature="testGetAllProducts()[pri:0, instance:testcases.ProductTests@723ca036]" started-at="2025-02-19T21:11:16 IST" name="testGetAllProducts" finished-at="2025-02-19T21:11:16 IST" duration-ms="401" status="PASS">
          <reporter-output>
          </reporter-output>
        </test-method> <!-- testGetAllProducts -->
        <test-method signature="testGetLimitedProducts()[pri:0, instance:testcases.ProductTests@723ca036]" started-at="2025-02-19T21:11:16 IST" name="testGetLimitedProducts" finished-at="2025-02-19T21:11:16 IST" duration-ms="266" status="PASS">
          <reporter-output>
          </reporter-output>
        </test-method> <!-- testGetLimitedProducts -->
        <test-method signature="testGetProductsByCategory()[pri:0, instance:testcases.ProductTests@723ca036]" started-at="2025-02-19T21:11:16 IST" name="testGetProductsByCategory" finished-at="2025-02-19T21:11:17 IST" duration-ms="356" status="PASS">
          <reporter-output>
          </reporter-output>
        </test-method> <!-- testGetProductsByCategory -->
        <test-method signature="testGetSingleProductById()[pri:0, instance:testcases.ProductTests@723ca036]" started-at="2025-02-19T21:11:17 IST" name="testGetSingleProductById" finished-at="2025-02-19T21:11:17 IST" duration-ms="304" status="PASS">
          <reporter-output>
          </reporter-output>
        </test-method> <!-- testGetSingleProductById -->
        <test-method signature="testGetSortedProducts()[pri:0, instance:testcases.ProductTests@723ca036]" started-at="2025-02-19T21:11:17 IST" name="testGetSortedProducts" finished-at="2025-02-19T21:11:17 IST" duration-ms="250" status="PASS">
          <reporter-output>
          </reporter-output>
        </test-method> <!-- testGetSortedProducts -->
        <test-method signature="testGetSortedProductsAsc()[pri:0, instance:testcases.ProductTests@723ca036]" started-at="2025-02-19T21:11:17 IST" name="testGetSortedProductsAsc" finished-at="2025-02-19T21:11:18 IST" duration-ms="705" status="PASS">
          <reporter-output>
          </reporter-output>
        </test-method> <!-- testGetSortedProductsAsc -->
        <test-method signature="testUpdateProduct()[pri:0, instance:testcases.ProductTests@723ca036]" started-at="2025-02-19T21:11:18 IST" name="testUpdateProduct" finished-at="2025-02-19T21:11:18 IST" duration-ms="204" status="PASS">
          <reporter-output>
          </reporter-output>
        </test-method> <!-- testUpdateProduct -->
      </class> <!-- testcases.ProductTests -->
    </test> <!-- Product Tests -->
    <test started-at="2025-02-19T21:11:18 IST" name="Auth Tests" finished-at="2025-02-19T21:11:19 IST" duration-ms="1039">
      <class name="testcases.LoginTests">
        <test-method is-config="true" signature="setup()[pri:0, instance:testcases.LoginTests@97e93f1]" started-at="2025-02-19T21:11:18 IST" name="setup" finished-at="2025-02-19T21:11:18 IST" duration-ms="0" status="PASS">
          <reporter-output>
          </reporter-output>
        </test-method> <!-- setup -->
        <test-method signature="testInvalidUserLogin()[pri:0, instance:testcases.LoginTests@97e93f1]" started-at="2025-02-19T21:11:18 IST" name="testInvalidUserLogin" finished-at="2025-02-19T21:11:19 IST" duration-ms="672" status="PASS">
          <reporter-output>
          </reporter-output>
        </test-method> <!-- testInvalidUserLogin -->
        <test-method signature="testValidUserLogin()[pri:0, instance:testcases.LoginTests@97e93f1]" started-at="2025-02-19T21:11:19 IST" name="testValidUserLogin" finished-at="2025-02-19T21:11:19 IST" duration-ms="358" status="PASS">
          <reporter-output>
          </reporter-output>
        </test-method> <!-- testValidUserLogin -->
      </class> <!-- testcases.LoginTests -->
    </test> <!-- Auth Tests -->
    <test started-at="2025-02-19T21:11:19 IST" name="Schema Tests" finished-at="2025-02-19T21:11:21 IST" duration-ms="1632">
      <class name="testcases.SchemaTests">
        <test-method is-config="true" signature="setup()[pri:0, instance:testcases.SchemaTests@5db6b9cd]" started-at="2025-02-19T21:11:19 IST" name="setup" finished-at="2025-02-19T21:11:19 IST" duration-ms="1" status="PASS">
          <reporter-output>
          </reporter-output>
        </test-method> <!-- setup -->
        <test-method signature="testCartSchema()[pri:0, instance:testcases.SchemaTests@5db6b9cd]" started-at="2025-02-19T21:11:19 IST" name="testCartSchema" finished-at="2025-02-19T21:11:20 IST" duration-ms="996" status="PASS">
          <reporter-output>
          </reporter-output>
        </test-method> <!-- testCartSchema -->
        <test-method signature="testProductSchema()[pri:0, instance:testcases.SchemaTests@5db6b9cd]" started-at="2025-02-19T21:11:20 IST" name="testProductSchema" finished-at="2025-02-19T21:11:20 IST" duration-ms="260" status="PASS">
          <reporter-output>
          </reporter-output>
        </test-method> <!-- testProductSchema -->
        <test-method signature="testUserSchema()[pri:0, instance:testcases.SchemaTests@5db6b9cd]" started-at="2025-02-19T21:11:20 IST" name="testUserSchema" finished-at="2025-02-19T21:11:21 IST" duration-ms="355" status="PASS">
          <reporter-output>
          </reporter-output>
        </test-method> <!-- testUserSchema -->
      </class> <!-- testcases.SchemaTests -->
    </test> <!-- Schema Tests -->
    <test started-at="2025-02-19T21:11:18 IST" name="Cart Tests" finished-at="2025-02-19T21:11:21 IST" duration-ms="3514">
      <class name="testcases.CartTests">
        <test-method is-config="true" signature="setup()[pri:0, instance:testcases.CartTests@60f00693]" started-at="2025-02-19T21:11:18 IST" name="setup" finished-at="2025-02-19T21:11:18 IST" duration-ms="1" status="PASS">
          <reporter-output>
          </reporter-output>
        </test-method> <!-- setup -->
        <test-method signature="testCreateCart()[pri:0, instance:testcases.CartTests@60f00693]" started-at="2025-02-19T21:11:18 IST" name="testCreateCart" finished-at="2025-02-19T21:11:18 IST" duration-ms="238" status="PASS">
          <reporter-output>
          </reporter-output>
        </test-method> <!-- testCreateCart -->
        <test-method signature="testDeleteCart()[pri:0, instance:testcases.CartTests@60f00693]" started-at="2025-02-19T21:11:18 IST" name="testDeleteCart" finished-at="2025-02-19T21:11:18 IST" duration-ms="301" status="PASS">
          <reporter-output>
          </reporter-output>
        </test-method> <!-- testDeleteCart -->
        <test-method signature="testGetAllCarts()[pri:0, instance:testcases.CartTests@60f00693]" started-at="2025-02-19T21:11:18 IST" name="testGetAllCarts" finished-at="2025-02-19T21:11:19 IST" duration-ms="333" status="PASS">
          <reporter-output>
          </reporter-output>
        </test-method> <!-- testGetAllCarts -->
        <test-method signature="testGetCartById()[pri:0, instance:testcases.CartTests@60f00693]" started-at="2025-02-19T21:11:19 IST" name="testGetCartById" finished-at="2025-02-19T21:11:19 IST" duration-ms="375" status="PASS">
          <reporter-output>
          </reporter-output>
        </test-method> <!-- testGetCartById -->
        <test-method signature="testGetCartsByDateRange()[pri:0, instance:testcases.CartTests@60f00693]" started-at="2025-02-19T21:11:19 IST" name="testGetCartsByDateRange" finished-at="2025-02-19T21:11:19 IST" duration-ms="411" status="PASS">
          <reporter-output>
          </reporter-output>
        </test-method> <!-- testGetCartsByDateRange -->
        <test-method signature="testGetCartsSorted()[pri:0, instance:testcases.CartTests@60f00693]" started-at="2025-02-19T21:11:19 IST" name="testGetCartsSorted" finished-at="2025-02-19T21:11:20 IST" duration-ms="401" status="PASS">
          <reporter-output>
          </reporter-output>
        </test-method> <!-- testGetCartsSorted -->
        <test-method signature="testGetCartsSortedAsc()[pri:0, instance:testcases.CartTests@60f00693]" started-at="2025-02-19T21:11:20 IST" name="testGetCartsSortedAsc" finished-at="2025-02-19T21:11:20 IST" duration-ms="380" status="PASS">
          <reporter-output>
          </reporter-output>
        </test-method> <!-- testGetCartsSortedAsc -->
        <test-method signature="testGetCartsWithLimit()[pri:0, instance:testcases.CartTests@60f00693]" started-at="2025-02-19T21:11:20 IST" name="testGetCartsWithLimit" finished-at="2025-02-19T21:11:21 IST" duration-ms="352" status="PASS">
          <reporter-output>
          </reporter-output>
        </test-method> <!-- testGetCartsWithLimit -->
        <test-method signature="testGetUserCart()[pri:0, instance:testcases.CartTests@60f00693]" started-at="2025-02-19T21:11:21 IST" name="testGetUserCart" finished-at="2025-02-19T21:11:21 IST" duration-ms="354" status="PASS">
          <reporter-output>
          </reporter-output>
        </test-method> <!-- testGetUserCart -->
        <test-method signature="testUpdateCart()[pri:0, instance:testcases.CartTests@60f00693]" started-at="2025-02-19T21:11:21 IST" name="testUpdateCart" finished-at="2025-02-19T21:11:21 IST" duration-ms="329" status="PASS">
          <reporter-output>
          </reporter-output>
        </test-method> <!-- testUpdateCart -->
      </class> <!-- testcases.CartTests -->
    </test> <!-- Cart Tests -->
  </suite> <!-- API TestSuite -->
</testng-results>
