<?xml version="1.0" encoding="UTF-8"?>
<!-- Generated by org.testng.reporters.JUnitReportReporter -->
<testsuite hostname="Pavan-Lenova" failures="0" tests="8" name="testcases.UserTests" time="4.906" errors="0" timestamp="2025-02-19T21:01:14 IST" skipped="0">
  <testcase classname="testcases.UserTests" name="testGetUsersWithLimit" time="0.495"/>
  <testcase classname="testcases.UserTests" name="testGetAllUsers" time="0.369"/>
  <testcase classname="testcases.UserTests" name="testGetUsersSorted" time="0.344"/>
  <testcase classname="testcases.UserTests" name="testCreateUser" time="2.425"/>
  <testcase classname="testcases.UserTests" name="testUpdateUser" time="0.282"/>
  <testcase classname="testcases.UserTests" name="testDeleteUser" time="0.360"/>
  <testcase classname="testcases.UserTests" name="testGetUserById" time="0.315"/>
  <testcase classname="testcases.UserTests" name="testGetUsersSortedAsc" time="0.316"/>
</testsuite> <!-- testcases.UserTests -->
