<?xml version="1.0" encoding="UTF-8"?>
<!-- Generated by org.testng.reporters.JUnitReportReporter -->
<testsuite hostname="Pavan-Lenova" failures="0" tests="3" name="testcases.SchemaTests" time="1.167" errors="0" timestamp="2025-02-19T21:01:14 IST" skipped="0">
  <testcase classname="testcases.SchemaTests" name="testUserSchema" time="0.303"/>
  <testcase classname="testcases.SchemaTests" name="testProductSchema" time="0.348"/>
  <testcase classname="testcases.SchemaTests" name="testCartSchema" time="0.516"/>
</testsuite> <!-- testcases.SchemaTests -->
