<?xml version="1.0" encoding="UTF-8"?>
<!-- Generated by org.testng.reporters.JUnitReportReporter -->
<testsuite hostname="Pavan-Lenova" failures="0" tests="5" name="testcases.ProductDataDrivenTest" time="5.182" errors="0" timestamp="2025-02-13T20:33:20 IST" skipped="0">
  <testcase classname="testcases.ProductDataDrivenTest" name="testAddNewProduct" time="0.782"/>
  <testcase classname="testcases.ProductDataDrivenTest" name="testAddNewProduct" time="2.229"/>
  <testcase classname="testcases.ProductDataDrivenTest" name="testAddNewProduct" time="0.837"/>
  <testcase classname="testcases.ProductDataDrivenTest" name="testAddNewProduct" time="0.557"/>
  <testcase classname="testcases.ProductDataDrivenTest" name="testAddNewProduct" time="0.777"/>
</testsuite> <!-- testcases.ProductDataDrivenTest -->
