<?xml version="1.0" encoding="UTF-8"?>
<!-- Generated by org.testng.reporters.JUnitReportReporter -->
<testsuite hostname="Pavan-Lenova" failures="0" tests="10" name="testcases.CartTests" time="3.693" errors="0" timestamp="2025-02-19T21:01:14 IST" skipped="0">
  <testcase classname="testcases.CartTests" name="testGetCartsWithLimit" time="0.508"/>
  <testcase classname="testcases.CartTests" name="testGetAllCarts" time="0.385"/>
  <testcase classname="testcases.CartTests" name="testCreateCart" time="0.246"/>
  <testcase classname="testcases.CartTests" name="testGetCartById" time="0.317"/>
  <testcase classname="testcases.CartTests" name="testGetCartsByDateRange" time="0.339"/>
  <testcase classname="testcases.CartTests" name="testGetCartsSorted" time="0.330"/>
  <testcase classname="testcases.CartTests" name="testGetCartsSortedAsc" time="0.325"/>
  <testcase classname="testcases.CartTests" name="testDeleteCart" time="0.478"/>
  <testcase classname="testcases.CartTests" name="testUpdateCart" time="0.433"/>
  <testcase classname="testcases.CartTests" name="testGetUserCart" time="0.332"/>
</testsuite> <!-- testcases.CartTests -->
