<?xml version="1.0" encoding="UTF-8"?>
<!-- Generated by org.testng.reporters.JUnitReportReporter -->
<testsuite hostname="Pavan-Lenova" failures="0" tests="8" name="testcases.UserTests" time="5.044" errors="0" timestamp="2025-02-19T21:11:22 IST" skipped="0">
  <testcase classname="testcases.UserTests" name="testGetAllUsers" time="0.489"/>
  <testcase classname="testcases.UserTests" name="testGetUsersSorted" time="0.380"/>
  <testcase classname="testcases.UserTests" name="testGetUsersSortedAsc" time="0.523"/>
  <testcase classname="testcases.UserTests" name="testCreateUser" time="2.453"/>
  <testcase classname="testcases.UserTests" name="testUpdateUser" time="0.226"/>
  <testcase classname="testcases.UserTests" name="testGetUserById" time="0.314"/>
  <testcase classname="testcases.UserTests" name="testDeleteUser" time="0.338"/>
  <testcase classname="testcases.UserTests" name="testGetUsersWithLimit" time="0.321"/>
</testsuite> <!-- testcases.UserTests -->
