<?xml version="1.0" encoding="UTF-8"?>
<!-- Generated by org.testng.reporters.JUnitReportReporter -->
<testsuite hostname="Pavan-Lenova" failures="0" tests="10" name="testcases.ProductTests" time="5.538" errors="0" timestamp="2025-02-19T21:11:22 IST" skipped="0">
  <testcase classname="testcases.ProductTests" name="testUpdateProduct" time="0.204"/>
  <testcase classname="testcases.ProductTests" name="testGetSortedProducts" time="0.250"/>
  <testcase classname="testcases.ProductTests" name="testGetLimitedProducts" time="0.266"/>
  <testcase classname="testcases.ProductTests" name="testGetAllCategories" time="0.261"/>
  <testcase classname="testcases.ProductTests" name="testGetSortedProductsAsc" time="0.705"/>
  <testcase classname="testcases.ProductTests" name="testAddNewProduct" time="2.453"/>
  <testcase classname="testcases.ProductTests" name="testGetProductsByCategory" time="0.356"/>
  <testcase classname="testcases.ProductTests" name="testGetSingleProductById" time="0.304"/>
  <testcase classname="testcases.ProductTests" name="testGetAllProducts" time="0.401"/>
  <testcase classname="testcases.ProductTests" name="testDeleteProduct" time="0.338"/>
</testsuite> <!-- testcases.ProductTests -->
