<?xml version="1.0" encoding="UTF-8"?>
<!-- Generated by org.testng.reporters.JUnitReportReporter -->
<testsuite hostname="Pavan-Lenova" failures="0" tests="3" name="testcases.SchemaTests" time="1.611" errors="0" timestamp="2025-02-19T21:11:22 IST" skipped="0">
  <testcase classname="testcases.SchemaTests" name="testCartSchema" time="0.996"/>
  <testcase classname="testcases.SchemaTests" name="testProductSchema" time="0.260"/>
  <testcase classname="testcases.SchemaTests" name="testUserSchema" time="0.355"/>
</testsuite> <!-- testcases.SchemaTests -->
